This is pdfTeX, Version 3.14159265-2.6-1.40.16 (MiKTeX 2.9) (preloaded format=pdflatex 2016.1.27)  3 APR 2016 17:04
entering extended mode
**./submissionPrototipe.tex
(submissionPrototipe.tex
LaTeX2e <2015/10/01> patch level 2
Babel <3.9n> and hyphenation patterns for 69 languages loaded.
(submissionClass.cls
Document Class: submissionClass 2016/03/31 submission model class

("C:\Users\Guilherme\AppData\Local\Programs\MiKTeX 2.9\tex\latex\base\article.c
ls"
Document Class: article 2014/09/29 v1.4h Standard LaTeX document class

("C:\Users\Guilherme\AppData\Local\Programs\MiKTeX 2.9\tex\latex\base\size10.cl
o"
File: size10.clo 2014/09/29 v1.4h Standard LaTeX file (size option)
)
\c@part=\count79
\c@section=\count80
\c@subsection=\count81
\c@subsubsection=\count82
\c@paragraph=\count83
\c@subparagraph=\count84
\c@figure=\count85
\c@table=\count86
\abovecaptionskip=\skip41
\belowcaptionskip=\skip42
\bibindent=\dimen102
)
("C:\Users\Guilherme\AppData\Local\Programs\MiKTeX 2.9\tex\latex\base\inputenc.
sty"
Package: inputenc 2015/03/17 v1.2c Input encoding file
\inpenc@prehook=\toks14
\inpenc@posthook=\toks15

("C:\Users\Guilherme\AppData\Local\Programs\MiKTeX 2.9\tex\latex\base\latin1.de
f"
File: latin1.def 2015/03/17 v1.2c Input encoding file
))
("C:\Users\Guilherme\AppData\Local\Programs\MiKTeX 2.9\tex\latex\extsizes\extsi
zes.sty"
Package: extsizes 1996/10/08 v1.0 Non Standard LaTeX Package


Package ExtSizes Warning: It is better to use one of the extsizes classes,
 if you can.


("C:\Users\Guilherme\AppData\Local\Programs\MiKTeX 2.9\tex\latex\base\size11.cl
o"
File: size11.clo 2014/09/29 v1.4h Standard LaTeX file (size option)
))
("C:\Users\Guilherme\AppData\Local\Programs\MiKTeX 2.9\tex\latex\titlesec\title
sec.sty"
Package: titlesec 2016/03/21 v2.10.2 Sectioning titles
\ttl@box=\box26
\beforetitleunit=\skip43
\aftertitleunit=\skip44
\ttl@plus=\dimen103
\ttl@minus=\dimen104
\ttl@toksa=\toks16
\titlewidth=\dimen105
\titlewidthlast=\dimen106
\titlewidthfirst=\dimen107
)
("C:\Users\Guilherme\AppData\Local\Programs\MiKTeX 2.9\tex\latex\ms\ragged2e.st
y"
Package: ragged2e 2009/05/21 v2.1 ragged2e Package (MS)

("C:\Users\Guilherme\AppData\Local\Programs\MiKTeX 2.9\tex\latex\ms\everysel.st
y"
Package: everysel 2011/10/28 v1.2 EverySelectfont Package (MS)
)
\CenteringLeftskip=\skip45
\RaggedLeftLeftskip=\skip46
\RaggedRightLeftskip=\skip47
\CenteringRightskip=\skip48
\RaggedLeftRightskip=\skip49
\RaggedRightRightskip=\skip50
\CenteringParfillskip=\skip51
\RaggedLeftParfillskip=\skip52
\RaggedRightParfillskip=\skip53
\JustifyingParfillskip=\skip54
\CenteringParindent=\skip55
\RaggedLeftParindent=\skip56
\RaggedRightParindent=\skip57
\JustifyingParindent=\skip58
)
("C:\Users\Guilherme\AppData\Local\Programs\MiKTeX 2.9\tex\latex\geometry\geome
try.sty"
Package: geometry 2010/09/12 v5.6 Page Geometry

("C:\Users\Guilherme\AppData\Local\Programs\MiKTeX 2.9\tex\latex\graphics\keyva
l.sty"
Package: keyval 2014/10/28 v1.15 key=value parser (DPC)
\KV@toks@=\toks17
)
("C:\Users\Guilherme\AppData\Local\Programs\MiKTeX 2.9\tex\generic\oberdiek\ifp
df.sty"
Package: ifpdf 2011/01/30 v2.3 Provides the ifpdf switch (HO)
Package ifpdf Info: pdfTeX in PDF mode is detected.
)
("C:\Users\Guilherme\AppData\Local\Programs\MiKTeX 2.9\tex\generic\oberdiek\ifv
tex.sty"
Package: ifvtex 2010/03/01 v1.5 Detect VTeX and its facilities (HO)
Package ifvtex Info: VTeX not detected.
)
("C:\Users\Guilherme\AppData\Local\Programs\MiKTeX 2.9\tex\generic\ifxetex\ifxe
tex.sty"
Package: ifxetex 2010/09/12 v0.6 Provides ifxetex conditional
)
\Gm@cnth=\count87
\Gm@cntv=\count88
\c@Gm@tempcnt=\count89
\Gm@bindingoffset=\dimen108
\Gm@wd@mp=\dimen109
\Gm@odd@mp=\dimen110
\Gm@even@mp=\dimen111
\Gm@layoutwidth=\dimen112
\Gm@layoutheight=\dimen113
\Gm@layouthoffset=\dimen114
\Gm@layoutvoffset=\dimen115
\Gm@dimlist=\toks18

("C:\Users\Guilherme\AppData\Local\Programs\MiKTeX 2.9\tex\latex\geometry\geome
try.cfg"))
("C:\Users\Guilherme\AppData\Local\Programs\MiKTeX 2.9\tex\latex\graphics\graph
icx.sty"
Package: graphicx 2014/10/28 v1.0g Enhanced LaTeX Graphics (DPC,SPQR)

("C:\Users\Guilherme\AppData\Local\Programs\MiKTeX 2.9\tex\latex\graphics\graph
ics.sty"
Package: graphics 2014/10/28 v1.0p Standard LaTeX Graphics (DPC,SPQR)

("C:\Users\Guilherme\AppData\Local\Programs\MiKTeX 2.9\tex\latex\graphics\trig.
sty"
Package: trig 1999/03/16 v1.09 sin cos tan (DPC)
)
("C:\Users\Guilherme\AppData\Local\Programs\MiKTeX 2.9\tex\latex\00miktex\graph
ics.cfg"
File: graphics.cfg 2007/01/18 v1.5 graphics configuration of teTeX/TeXLive
)
Package graphics Info: Driver file: pdftex.def on input line 94.

("C:\Users\Guilherme\AppData\Local\Programs\MiKTeX 2.9\tex\latex\pdftex-def\pdf
tex.def"
File: pdftex.def 2011/05/27 v0.06d Graphics/color for pdfTeX

("C:\Users\Guilherme\AppData\Local\Programs\MiKTeX 2.9\tex\generic\oberdiek\inf
warerr.sty"
Package: infwarerr 2010/04/08 v1.3 Providing info/warning/error messages (HO)
)
("C:\Users\Guilherme\AppData\Local\Programs\MiKTeX 2.9\tex\generic\oberdiek\ltx
cmds.sty"
Package: ltxcmds 2011/11/09 v1.22 LaTeX kernel commands for general use (HO)
)
\Gread@gobject=\count90
))
\Gin@req@height=\dimen116
\Gin@req@width=\dimen117
)
("C:\Users\Guilherme\AppData\Local\Programs\MiKTeX 2.9\tex\latex\fancyhdr\fancy
hdr.sty"
\fancy@headwidth=\skip59
\f@ncyO@elh=\skip60
\f@ncyO@erh=\skip61
\f@ncyO@olh=\skip62
\f@ncyO@orh=\skip63
\f@ncyO@elf=\skip64
\f@ncyO@erf=\skip65
\f@ncyO@olf=\skip66
\f@ncyO@orf=\skip67
)) (submissionPrototipe.aux)
\openout1 = `submissionPrototipe.aux'.

LaTeX Font Info:    Checking defaults for OML/cmm/m/it on input line 3.
LaTeX Font Info:    ... okay on input line 3.
LaTeX Font Info:    Checking defaults for T1/cmr/m/n on input line 3.
LaTeX Font Info:    ... okay on input line 3.
LaTeX Font Info:    Checking defaults for OT1/cmr/m/n on input line 3.
LaTeX Font Info:    ... okay on input line 3.
LaTeX Font Info:    Checking defaults for OMS/cmsy/m/n on input line 3.
LaTeX Font Info:    ... okay on input line 3.
LaTeX Font Info:    Checking defaults for OMX/cmex/m/n on input line 3.
LaTeX Font Info:    ... okay on input line 3.
LaTeX Font Info:    Checking defaults for U/cmr/m/n on input line 3.
LaTeX Font Info:    ... okay on input line 3.
 ABD: EverySelectfont initializing macros
LaTeX Info: Redefining \selectfont on input line 3.

*geometry* driver: auto-detecting
*geometry* detected driver: pdftex
*geometry* verbose mode - [ preamble ] result:
* driver: pdftex
* paper: <default>
* layout: <same size as paper>
* layoutoffset:(h,v)=(0.0pt,0.0pt)
* modes: 
* h-part:(L,W,R)=(90.19518pt, 433.90465pt, 90.19518pt)
* v-part:(T,H,B)=(72.2698pt, 650.43037pt, 72.2698pt)
* \paperwidth=614.295pt
* \paperheight=794.96999pt
* \textwidth=433.90465pt
* \textheight=650.43037pt
* \oddsidemargin=17.92519pt
* \evensidemargin=17.92519pt
* \topmargin=-37.00018pt
* \headheight=32.0pt
* \headsep=25.0pt
* \topskip=11.0pt
* \footskip=30.0pt
* \marginparwidth=59.0pt
* \marginparsep=10.0pt
* \columnsep=10.0pt
* \skip\footins=10.0pt plus 4.0pt minus 2.0pt
* \hoffset=0.0pt
* \voffset=0.0pt
* \mag=1000
* \@twocolumnfalse
* \@twosidefalse
* \@mparswitchfalse
* \@reversemarginfalse
* (1in=72.27pt=25.4mm, 1cm=28.453pt)


("C:\Users\Guilherme\AppData\Local\Programs\MiKTeX 2.9\tex\context\base\supp-pd
f.mkii"
[Loading MPS to PDF converter (version 2006.09.02).]
\scratchcounter=\count91
\scratchdimen=\dimen118
\scratchbox=\box27
\nofMPsegments=\count92
\nofMParguments=\count93
\everyMPshowfont=\toks19
\MPscratchCnt=\count94
\MPscratchDim=\dimen119
\MPnumerator=\count95
\makeMPintoPDFobject=\count96
\everyMPtoPDFconversion=\toks20
)
LaTeX Font Info:    Try loading font information for OMS+cmr on input line 15.

("C:\Users\Guilherme\AppData\Local\Programs\MiKTeX 2.9\tex\latex\base\omscmr.fd
"
File: omscmr.fd 2014/09/29 v2.5h Standard LaTeX font definitions
)
LaTeX Font Info:    Font shape `OMS/cmr/m/n' in size <12> not available
(Font)              Font shape `OMS/cmsy/m/n' tried instead on input line 15.
 <sbesc_icon.png, id=1, 182.18062pt x 54.2025pt>
File: sbesc_icon.png Graphic file (type png)
 <use sbesc_icon.png>
Package pdftex.def Info: sbesc_icon.png used on input line 30.
(pdftex.def)             Requested size: 93.7198pt x 27.88358pt.

("C:\Users\Guilherme\AppData\Local\Programs\MiKTeX 2.9\tex\latex\base\latin1.de
f"
File: latin1.def 2015/03/17 v1.2c Input encoding file
) <intel_icon.png, id=2, 103.13531pt x 89.58469pt>
File: intel_icon.png Graphic file (type png)
 <use intel_icon.png>
Package pdftex.def Info: intel_icon.png used on input line 30.
(pdftex.def)             Requested size: 25.54927pt x 22.1931pt.

[1{C:/Users/Guilherme/AppData/Local/MiKTeX/2.9/pdftex/config/pdftex.map}


 <./sbesc_icon.png> <./intel_icon.png>]
Underfull \hbox (badness 10000) in paragraph at lines 33--34

 []


Underfull \hbox (badness 10000) in paragraph at lines 34--35

 []

File: sbesc_icon.png Graphic file (type png)
<use sbesc_icon.png>
Package pdftex.def Info: sbesc_icon.png used on input line 36.
(pdftex.def)             Requested size: 93.7198pt x 27.88358pt.

("C:\Users\Guilherme\AppData\Local\Programs\MiKTeX 2.9\tex\latex\base\latin1.de
f"
File: latin1.def 2015/03/17 v1.2c Input encoding file
)
File: intel_icon.png Graphic file (type png)
 <use intel_icon.png>
Package pdftex.def Info: intel_icon.png used on input line 36.
(pdftex.def)             Requested size: 25.54927pt x 22.1931pt.
 [2

]
File: sbesc_icon.png Graphic file (type png)
 <use sbesc_icon.png>
Package pdftex.def Info: sbesc_icon.png used on input line 42.
(pdftex.def)             Requested size: 93.7198pt x 27.88358pt.

("C:\Users\Guilherme\AppData\Local\Programs\MiKTeX 2.9\tex\latex\base\latin1.de
f"
File: latin1.def 2015/03/17 v1.2c Input encoding file
)
File: intel_icon.png Graphic file (type png)
 <use intel_icon.png>
Package pdftex.def Info: intel_icon.png used on input line 42.
(pdftex.def)             Requested size: 25.54927pt x 22.1931pt.
 [3

]
File: sbesc_icon.png Graphic file (type png)
 <use sbesc_icon.png>
Package pdftex.def Info: sbesc_icon.png used on input line 48.
(pdftex.def)             Requested size: 93.7198pt x 27.88358pt.

("C:\Users\Guilherme\AppData\Local\Programs\MiKTeX 2.9\tex\latex\base\latin1.de
f"
File: latin1.def 2015/03/17 v1.2c Input encoding file
)
File: intel_icon.png Graphic file (type png)
 <use intel_icon.png>
Package pdftex.def Info: intel_icon.png used on input line 48.
(pdftex.def)             Requested size: 25.54927pt x 22.1931pt.
 [4

]
Underfull \hbox (badness 10000) in paragraph at lines 78--78

 []

File: sbesc_icon.png Graphic file (type png)
<use sbesc_icon.png>
Package pdftex.def Info: sbesc_icon.png used on input line 79.
(pdftex.def)             Requested size: 93.7198pt x 27.88358pt.

("C:\Users\Guilherme\AppData\Local\Programs\MiKTeX 2.9\tex\latex\base\latin1.de
f"
File: latin1.def 2015/03/17 v1.2c Input encoding file
)
File: intel_icon.png Graphic file (type png)
 <use intel_icon.png>
Package pdftex.def Info: intel_icon.png used on input line 79.
(pdftex.def)             Requested size: 25.54927pt x 22.1931pt.
 [5

] (submissionPrototipe.aux) ) 
Here is how much of TeX's memory you used:
 2215 strings out of 493634
 34201 string characters out of 3133607
 96073 words of memory out of 3000000
 5588 multiletter control sequences out of 15000+200000
 5703 words of font info for 21 fonts, out of 3000000 for 9000
 1025 hyphenation exceptions out of 8191
 34i,15n,45p,864b,571s stack positions out of 5000i,500n,10000p,200000b,50000s
<C:/Users/Guilherme/AppData/Local/Programs/MiKTeX 
2.9/fonts/type1/public/amsfonts/cm/cmbx10.pfb><C:/Users/Guilherme/AppData/Local
/Programs/MiKTeX 2.9/fonts/type1/public/amsfonts/cm/cmcsc10.pfb><C:/Users/Guilh
erme/AppData/Local/Programs/MiKTeX 2.9/fonts/type1/public/amsfonts/cm/cmr10.pfb
><C:/Users/Guilherme/AppData/Local/Programs/MiKTeX 2.9/fonts/type1/public/amsfo
nts/cm/cmsy10.pfb>
Output written on submissionPrototipe.pdf (5 pages, 99056 bytes).
PDF statistics:
 36 PDF objects out of 1000 (max. 8388607)
 0 named destinations out of 1000 (max. 500000)
 11 words of extra memory for PDF output out of 10000 (max. 10000000)

